WARNING 2023-10-22 13:56:23,050 basehttp 5538 140198830663232 "GET /static/svg/sprite.svg HTTP/1.1" 404 1801
INFO 2023-10-22 13:56:29,900 basehttp 5538 140198830663232 "GET /admin_access/ HTTP/1.1" 302 0
INFO 2023-10-22 13:56:29,904 basehttp 5538 140198820173376 "GET /admin_access/login/?next=/admin_access/ HTTP/1.1" 302 0
INFO 2023-10-22 13:56:29,920 basehttp 5538 140198830663232 "GET /idp/login/?next=/admin_access/ HTTP/1.1" 200 5401
WARNING 2023-10-22 13:56:29,996 basehttp 5538 140198830663232 "GET /static/svg/sprite.svg HTTP/1.1" 404 1801
WARNING 2023-10-22 13:56:30,017 basehttp 5538 140198820173376 "GET /static/svg/sprite.svg HTTP/1.1" 404 1801
INFO 2023-10-22 13:56:35,436 basehttp 5538 140198820173376 "POST /idp/login/?next=/admin_access/ HTTP/1.1" 302 0
INFO 2023-10-22 13:56:35,454 basehttp 5538 140198820173376 "GET /mfa/auth/TOTP/ HTTP/1.1" 200 4336
INFO 2023-10-22 13:56:43,072 autoreload 5538 140198964768768 /home/wert/DEV/ACSIA/4Sec-idp/xdrplus-iam/django_idp/settingslocal.py changed, reloading.
INFO 2023-10-22 13:56:43,776 autoreload 5619 140677810483200 Watching for file changes with StatReloader
INFO 2023-10-22 13:56:46,290 basehttp 5619 140677616760384 "GET /idp/login/?next=/admin_access/ HTTP/1.1" 200 5401
WARNING 2023-10-22 13:56:46,344 basehttp 5619 140677616760384 "GET /static/svg/sprite.svg HTTP/1.1" 404 1801
INFO 2023-10-22 13:56:51,744 basehttp 5619 140677616760384 "POST /idp/login/?next=/admin_access/ HTTP/1.1" 302 0
INFO 2023-10-22 13:56:51,764 basehttp 5619 140677616760384 "GET /mfa/auth/TOTP/ HTTP/1.1" 200 4336
INFO 2023-10-22 13:57:08,408 basehttp 5619 140677616760384 "POST /mfa/auth/TOTP/ HTTP/1.1" 302 0
INFO 2023-10-22 13:57:08,435 basehttp 5619 140677616760384 "GET /admin_access/ HTTP/1.1" 200 11573
INFO 2023-10-22 13:57:12,328 basehttp 5619 140677616760384 "GET /admin_access/mfa/mfakey/ HTTP/1.1" 200 11608
INFO 2023-10-22 13:57:12,365 basehttp 5619 140677606270528 "GET /admin_access/jsi18n/ HTTP/1.1" 200 7672
INFO 2023-10-22 13:57:12,380 basehttp 5619 140677606270528 "GET /static/admin/img/tooltag-add.svg HTTP/1.1" 200 331
INFO 2023-10-22 13:57:17,250 basehttp 5619 140677616760384 "POST /admin_access/mfa/mfakey/ HTTP/1.1" 200 10143
INFO 2023-10-22 13:57:17,280 basehttp 5619 140677606270528 "GET /static/admin/js/cancel.js HTTP/1.1" 200 884
INFO 2023-10-22 13:57:18,490 basehttp 5619 140677616760384 "POST /admin_access/mfa/mfakey/ HTTP/1.1" 302 0
INFO 2023-10-22 13:57:18,510 basehttp 5619 140677616760384 "GET /admin_access/mfa/mfakey/ HTTP/1.1" 200 10193
INFO 2023-10-22 13:57:18,591 basehttp 5619 140677606270528 "GET /admin_access/jsi18n/ HTTP/1.1" 200 7672
INFO 2023-10-22 13:57:18,609 basehttp 5619 140677606270528 "GET /static/admin/img/icon-yes.svg HTTP/1.1" 200 436
INFO 2023-10-22 13:57:22,821 autoreload 5619 140677810483200 /home/wert/DEV/ACSIA/4Sec-idp/xdrplus-iam/django_idp/settingslocal.py changed, reloading.
INFO 2023-10-22 13:57:23,548 autoreload 5638 140099201769472 Watching for file changes with StatReloader
INFO 2023-10-22 13:57:29,342 basehttp 5638 140099009377856 "GET /idp/metadata/ HTTP/1.1" 200 6350
INFO 2023-10-22 13:57:29,538 basehttp 5638 140098999936576 "GET /idp/metadata/ HTTP/1.1" 200 6350
INFO 2023-10-22 13:57:29,613 basehttp 5638 140099009377856 "POST /idp/sso/post HTTP/1.1" 302 0
INFO 2023-10-22 13:57:29,618 basehttp 5638 140099009377856 "GET /idp/login/process/ HTTP/1.1" 302 0
INFO 2023-10-22 13:57:29,694 basehttp 5638 140099009377856 "GET /idp/login/?next=/idp/login/process/ HTTP/1.1" 200 5401
WARNING 2023-10-22 13:57:29,782 basehttp 5638 140099009377856 "GET /static/svg/sprite.svg HTTP/1.1" 404 1801
WARNING 2023-10-22 13:57:29,808 basehttp 5638 140099009377856 "GET /static/svg/sprite.svg HTTP/1.1" 404 1801
INFO 2023-10-22 13:57:35,494 basehttp 5638 140099009377856 "POST /idp/login/?next=/idp/login/process/ HTTP/1.1" 302 0
INFO 2023-10-22 13:57:35,501 basehttp 5638 140099009377856 "GET /idp/login/process/ HTTP/1.1" 302 0
INFO 2023-10-22 13:57:35,558 basehttp 5638 140099009377856 "GET /mfa/ HTTP/1.1" 200 4145
INFO 2023-10-22 13:57:43,458 basehttp 5638 140099009377856 "GET /idp/login/?next=/idp/login/process/ HTTP/1.1" 302 0
INFO 2023-10-22 13:58:01,296 basehttp 5638 140098999936576 "GET /idp/metadata/ HTTP/1.1" 200 6350
INFO 2023-10-22 13:58:01,493 basehttp 5638 140098999936576 "GET /idp/metadata/ HTTP/1.1" 200 6350
INFO 2023-10-22 13:58:01,560 basehttp 5638 140099009377856 "POST /idp/sso/post HTTP/1.1" 302 0
INFO 2023-10-22 13:58:01,566 basehttp 5638 140099009377856 "GET /idp/login/process/ HTTP/1.1" 302 0
INFO 2023-10-22 13:58:01,635 basehttp 5638 140099009377856 "GET /idp/login/?next=/idp/login/process/ HTTP/1.1" 200 5401
WARNING 2023-10-22 13:58:01,727 basehttp 5638 140099009377856 "GET /static/svg/sprite.svg HTTP/1.1" 404 1801
WARNING 2023-10-22 13:58:01,759 basehttp 5638 140099009377856 "GET /static/svg/sprite.svg HTTP/1.1" 404 1801
INFO 2023-10-22 13:58:08,459 basehttp 5638 140099009377856 "POST /idp/login/?next=/idp/login/process/ HTTP/1.1" 302 0
INFO 2023-10-22 13:58:08,469 basehttp 5638 140099009377856 "GET /idp/login/process/ HTTP/1.1" 302 0
INFO 2023-10-22 13:58:08,536 basehttp 5638 140099009377856 "GET /mfa/ HTTP/1.1" 200 4145
INFO 2023-10-22 13:58:14,669 basehttp 5638 140099009377856 "GET /mfa/create/TOTP/ HTTP/1.1" 200 40672
INFO 2023-10-22 13:58:50,589 basehttp 5638 140099009377856 "POST /mfa/create/TOTP/ HTTP/1.1" 302 0
INFO 2023-10-22 13:58:50,603 basehttp 5638 140099009377856 "GET /mfa/ HTTP/1.1" 200 5065
INFO 2023-10-22 13:59:08,719 basehttp 5638 140099009377856 "GET /idp/login/?next=/idp/login/process/ HTTP/1.1" 200 5401
WARNING 2023-10-22 13:59:08,793 basehttp 5638 140099009377856 "GET /static/svg/sprite.svg HTTP/1.1" 404 1801
INFO 2023-10-22 13:59:19,491 basehttp 5638 140099009377856 "POST /idp/login/?next=/idp/login/process/ HTTP/1.1" 302 0
INFO 2023-10-22 13:59:19,512 basehttp 5638 140099009377856 "GET /mfa/auth/TOTP/ HTTP/1.1" 200 4336
INFO 2023-10-22 13:59:29,330 basehttp 5638 140099009377856 "POST /mfa/auth/TOTP/ HTTP/1.1" 302 0
INFO 2023-10-22 13:59:29,474 basehttp 5638 140098999936576 "GET /idp/metadata/ HTTP/1.1" 200 6350
INFO 2023-10-22 13:59:29,581 basehttp 5638 140099009377856 "GET /idp/login/process/ HTTP/1.1" 302 0
INFO 2023-10-22 13:59:29,646 basehttp 5638 140099009377856 "GET /idp/login/process_user_agreement/ HTTP/1.1" 200 6608
INFO 2023-10-22 13:59:32,862 basehttp 5638 140099009377856 "POST /idp/login/process_user_agreement/ HTTP/1.1" 200 13312
INFO 2023-10-22 13:59:32,986 basehttp 5638 140098999936576 "GET /idp/metadata/ HTTP/1.1" 200 6350
INFO 2023-10-22 13:59:33,228 basehttp 5638 140098999936576 "GET /idp/metadata/ HTTP/1.1" 200 6350
INFO 2023-10-22 13:59:36,738 basehttp 5638 140098999936576 "GET /idp/metadata/ HTTP/1.1" 200 6350
INFO 2023-10-22 13:59:36,987 basehttp 5638 140098999936576 "GET /idp/metadata/ HTTP/1.1" 200 6350
INFO 2023-10-22 13:59:37,085 basehttp 5638 140099009377856 "POST /idp/slo/post HTTP/1.1" 200 6802
INFO 2023-10-22 13:59:37,241 basehttp 5638 140098999936576 "GET /idp/metadata/ HTTP/1.1" 200 6350
WARNING 2023-10-22 13:59:41,302 log 5638 140099009377856 Not Found: /
WARNING 2023-10-22 13:59:41,302 basehttp 5638 140099009377856 "GET / HTTP/1.1" 404 3642
INFO 2023-10-22 13:59:44,685 basehttp 5638 140099009377856 "GET /admin_access/ HTTP/1.1" 302 0
INFO 2023-10-22 13:59:44,688 basehttp 5638 140099009377856 "GET /admin_access/login/?next=/admin_access/ HTTP/1.1" 302 0
INFO 2023-10-22 13:59:44,786 basehttp 5638 140099009377856 "GET /idp/login/?next=/admin_access/ HTTP/1.1" 200 5401
WARNING 2023-10-22 13:59:44,889 basehttp 5638 140099009377856 "GET /static/svg/sprite.svg HTTP/1.1" 404 1801
WARNING 2023-10-22 13:59:44,921 basehttp 5638 140099009377856 "GET /static/svg/sprite.svg HTTP/1.1" 404 1801
INFO 2023-10-22 13:59:52,172 basehttp 5638 140099009377856 "POST /idp/login/?next=/admin_access/ HTTP/1.1" 302 0
INFO 2023-10-22 13:59:52,190 basehttp 5638 140099009377856 "GET /mfa/auth/TOTP/ HTTP/1.1" 200 4336
INFO 2023-10-22 14:00:08,712 basehttp 5638 140099009377856 "POST /mfa/auth/TOTP/ HTTP/1.1" 302 0
INFO 2023-10-22 14:00:08,744 basehttp 5638 140099009377856 "GET /admin_access/ HTTP/1.1" 200 11827
INFO 2023-10-22 14:00:08,827 basehttp 5638 140099009377856 "GET /static/admin/img/icon-deletelink.svg HTTP/1.1" 200 392
INFO 2023-10-22 14:00:11,861 basehttp 5638 140099009377856 "GET /admin_access/logout/ HTTP/1.1" 200 1586
INFO 2023-10-22 14:00:46,225 autoreload 5638 140099201769472 /home/wert/DEV/ACSIA/4Sec-idp/xdrplus-iam/django_idp/settingslocal.py changed, reloading.
INFO 2023-10-22 14:00:47,028 autoreload 5956 139741308432384 Watching for file changes with StatReloader
INFO 2023-11-09 14:00:24,227 autoreload 5260 140180653948928 Watching for file changes with StatReloader
INFO 2023-11-09 14:00:56,004 autoreload 5260 140180653948928 /home/wert/DEV/ACSIA/4Sec-idp/xdrplus-iam/django_idp/settingslocal.py changed, reloading.
INFO 2023-11-09 14:00:56,734 autoreload 5402 140695822970880 Watching for file changes with StatReloader
INFO 2023-11-09 14:01:05,666 basehttp 5402 140695690012224 "GET /idp/metadata/ HTTP/1.1" 200 6350
INFO 2023-11-09 14:01:05,890 basehttp 5402 140695690012224 "GET /idp/metadata/ HTTP/1.1" 200 6350
INFO 2023-11-09 14:01:05,975 basehttp 5402 140695698404928 "POST /idp/sso/post HTTP/1.1" 302 0
INFO 2023-11-09 14:01:05,986 basehttp 5402 140695698404928 "GET /idp/login/process/ HTTP/1.1" 302 0
INFO 2023-11-09 14:01:06,068 basehttp 5402 140695698404928 "GET /idp/login/?next=/idp/login/process/ HTTP/1.1" 200 5401
INFO 2023-11-09 14:01:06,142 basehttp 5402 140695698404928 "GET /static/css/overrides.css HTTP/1.1" 200 8485
INFO 2023-11-09 14:01:06,148 basehttp 5402 140695460369984 "GET /static/css/idp_style.css HTTP/1.1" 200 1265
INFO 2023-11-09 14:01:06,149 basehttp 5402 140695690012224 "GET /static/css/unical-style.css HTTP/1.1" 200 4882
INFO 2023-11-09 14:01:06,158 basehttp 5402 140695468762688 "GET /static/js/bootstrap-italia.bundle.min.js HTTP/1.1" 200 345665
INFO 2023-11-09 14:01:06,159 basehttp 5402 140695477155392 "GET /static/css/bootstrap-italia.min.css HTTP/1.1" 200 458619
WARNING 2023-11-09 14:01:06,381 basehttp 5402 140695477155392 "GET /static/svg/sprite.svg HTTP/1.1" 404 1801
INFO 2023-11-09 14:01:06,541 basehttp 5402 140695468762688 "GET /static/images/favicon/favicon-32x32.png HTTP/1.1" 200 429
WARNING 2023-11-09 14:01:06,556 basehttp 5402 140695468762688 "GET /static/svg/sprite.svg HTTP/1.1" 404 1801
WARNING 2023-11-09 14:01:13,614 log 5402 140695698404928 Forbidden: /idp/login/
WARNING 2023-11-09 14:01:13,615 basehttp 5402 140695698404928 "POST /idp/login/?next=/idp/login/process/ HTTP/1.1" 403 4378
INFO 2023-11-09 14:01:17,209 basehttp 5402 140695698404928 "GET /idp/login/?next=/idp/login/process/ HTTP/1.1" 200 5401
WARNING 2023-11-09 14:01:17,284 basehttp 5402 140695690012224 "GET /static/svg/sprite.svg HTTP/1.1" 404 1801
INFO 2023-11-09 14:01:24,512 basehttp 5402 140695698404928 "POST /idp/login/?next=/idp/login/process/ HTTP/1.1" 302 0
INFO 2023-11-09 14:01:24,540 basehttp 5402 140695698404928 "GET /mfa/auth/TOTP/ HTTP/1.1" 200 4336
INFO 2023-11-09 14:01:42,921 basehttp 5402 140695698404928 "POST /mfa/auth/TOTP/ HTTP/1.1" 200 4389
INFO 2023-11-09 14:01:49,651 basehttp 5402 140695698404928 "POST /mfa/auth/TOTP/ HTTP/1.1" 200 4389
INFO 2023-11-09 14:01:56,568 basehttp 5402 140695698404928 "POST /mfa/auth/TOTP/ HTTP/1.1" 200 4389
INFO 2023-11-09 14:02:10,087 basehttp 5402 140695698404928 "POST /mfa/auth/TOTP/ HTTP/1.1" 302 0
INFO 2023-11-09 14:02:10,194 basehttp 5402 140695460369984 "GET /idp/metadata/ HTTP/1.1" 200 6350
INFO 2023-11-09 14:02:10,297 basehttp 5402 140695698404928 "GET /idp/login/process/ HTTP/1.1" 302 0
INFO 2023-11-09 14:02:10,361 basehttp 5402 140695698404928 "GET /idp/login/process_user_agreement/ HTTP/1.1" 200 6608
INFO 2023-11-09 14:02:13,915 basehttp 5402 140695698404928 "POST /idp/login/process_user_agreement/ HTTP/1.1" 200 13312
INFO 2023-11-09 14:02:14,033 basehttp 5402 140695460369984 "GET /idp/metadata/ HTTP/1.1" 200 6350
INFO 2023-11-09 14:02:14,218 basehttp 5402 140695460369984 "GET /idp/metadata/ HTTP/1.1" 200 6350
INFO 2023-11-09 14:02:16,696 basehttp 5402 140695460369984 "GET /idp/metadata/ HTTP/1.1" 200 6350
INFO 2023-11-09 14:02:16,896 basehttp 5402 140695460369984 "GET /idp/metadata/ HTTP/1.1" 200 6350
INFO 2023-11-09 14:02:16,984 basehttp 5402 140695698404928 "POST /idp/slo/post HTTP/1.1" 200 6802
INFO 2023-11-09 14:02:17,129 basehttp 5402 140695460369984 "GET /idp/metadata/ HTTP/1.1" 200 6350
INFO 2023-11-09 14:02:19,131 basehttp 5402 140695460369984 "GET /idp/metadata/ HTTP/1.1" 200 6350
INFO 2023-11-09 14:02:19,326 basehttp 5402 140695460369984 "GET /idp/metadata/ HTTP/1.1" 200 6350
INFO 2023-11-09 14:02:19,398 basehttp 5402 140695698404928 "POST /idp/sso/post HTTP/1.1" 302 0
INFO 2023-11-09 14:02:19,405 basehttp 5402 140695698404928 "GET /idp/login/process/ HTTP/1.1" 302 0
INFO 2023-11-09 14:02:19,468 basehttp 5402 140695698404928 "GET /idp/login/?next=/idp/login/process/ HTTP/1.1" 200 5401
WARNING 2023-11-09 14:02:19,562 basehttp 5402 140695698404928 "GET /static/svg/sprite.svg HTTP/1.1" 404 1801
WARNING 2023-11-09 14:02:19,604 basehttp 5402 140695698404928 "GET /static/svg/sprite.svg HTTP/1.1" 404 1801
INFO 2023-11-09 14:02:25,889 basehttp 5402 140695698404928 "POST /idp/login/?next=/idp/login/process/ HTTP/1.1" 302 0
INFO 2023-11-09 14:02:25,907 basehttp 5402 140695698404928 "GET /mfa/auth/TOTP/ HTTP/1.1" 200 4336
INFO 2023-11-09 14:02:28,199 basehttp 5402 140695698404928 "GET /mfa/auth/FIDO2/ HTTP/1.1" 200 4589
WARNING 2023-11-09 14:02:28,228 basehttp 5402 140695698404928 "GET /static/cbor-js/cbor.js HTTP/1.1" 404 1804
INFO 2023-11-09 14:02:28,228 basehttp 5402 140695460369984 "GET /static/mfa/fido2.js HTTP/1.1" 200 2112
INFO 2023-11-09 14:02:30,161 basehttp 5402 140695690012224 "GET /mfa/auth/recovery/ HTTP/1.1" 200 4424
INFO 2023-11-09 14:02:33,352 basehttp 5402 140695690012224 "GET /mfa HTTP/1.1" 301 0
INFO 2023-11-09 14:02:33,368 basehttp 5402 140695690012224 "GET /mfa/ HTTP/1.1" 200 4495
INFO 2023-11-09 14:02:44,673 basehttp 5402 140695690012224 "GET /mfa/auth/recovery/ HTTP/1.1" 200 4424
INFO 2023-11-09 14:02:45,390 basehttp 5402 140695690012224 "GET /mfa/auth/FIDO2/ HTTP/1.1" 200 4589
INFO 2023-11-09 14:02:46,161 basehttp 5402 140695690012224 "GET /mfa/auth/TOTP/ HTTP/1.1" 200 4336
INFO 2023-11-09 14:02:46,790 basehttp 5402 140695690012224 "GET /idp/login/?next=/idp/login/process/ HTTP/1.1" 200 5401
WARNING 2023-11-09 14:02:46,850 basehttp 5402 140695690012224 "GET /static/svg/sprite.svg HTTP/1.1" 404 1801
INFO 2023-11-09 14:02:52,618 basehttp 5402 140695690012224 "GET /admin_access/ HTTP/1.1" 200 11827
INFO 2023-11-09 14:02:52,654 basehttp 5402 140695690012224 "GET /static/admin/css/nav_sidebar.css HTTP/1.1" 200 2271
INFO 2023-11-09 14:02:52,654 basehttp 5402 140695698404928 "GET /static/admin/css/dashboard.css HTTP/1.1" 200 380
INFO 2023-11-09 14:02:52,655 basehttp 5402 140695468762688 "GET /static/admin/js/nav_sidebar.js HTTP/1.1" 200 1360
INFO 2023-11-09 14:02:52,655 basehttp 5402 140695460369984 "GET /static/admin/css/base.css HTTP/1.1" 200 19513
INFO 2023-11-09 14:02:52,656 basehttp 5402 140695477155392 "GET /static/admin/css/responsive.css HTTP/1.1" 200 18545
INFO 2023-11-09 14:02:52,668 basehttp 5402 140695460369984 "GET /static/admin/css/fonts.css HTTP/1.1" 200 423
INFO 2023-11-09 14:02:52,736 basehttp 5402 140695460369984 "GET /static/admin/img/icon-addlink.svg HTTP/1.1" 200 331
INFO 2023-11-09 14:02:52,736 basehttp 5402 140695477155392 "GET /static/admin/img/icon-changelink.svg HTTP/1.1" 200 380
INFO 2023-11-09 14:02:52,736 basehttp 5402 140695468762688 "GET /static/admin/img/icon-deletelink.svg HTTP/1.1" 200 392
INFO 2023-11-09 14:02:52,738 basehttp 5402 140695690012224 "GET /static/admin/fonts/Roboto-Light-webfont.woff HTTP/1.1" 200 85692
INFO 2023-11-09 14:02:52,739 basehttp 5402 140695698404928 "GET /static/admin/fonts/Roboto-Regular-webfont.woff HTTP/1.1" 200 85876
INFO 2023-11-09 14:02:52,739 basehttp 5402 140695477155392 "GET /static/admin/fonts/Roboto-Bold-webfont.woff HTTP/1.1" 200 86184
WARNING 2023-11-09 14:02:52,788 log 5402 140695477155392 Not Found: /favicon.ico
WARNING 2023-11-09 14:02:52,789 basehttp 5402 140695477155392 "GET /favicon.ico HTTP/1.1" 404 3833
INFO 2023-11-09 14:02:54,647 basehttp 5402 140695477155392 "GET /admin_access/logout/ HTTP/1.1" 200 1586
INFO 2023-11-09 14:02:56,135 basehttp 5402 140695477155392 "GET /admin_access/ HTTP/1.1" 302 0
INFO 2023-11-09 14:02:56,140 basehttp 5402 140695477155392 "GET /admin_access/login/?next=/admin_access/ HTTP/1.1" 302 0
INFO 2023-11-09 14:02:56,202 basehttp 5402 140695477155392 "GET /idp/login/?next=/admin_access/ HTTP/1.1" 200 5401
WARNING 2023-11-09 14:02:56,278 basehttp 5402 140695477155392 "GET /static/svg/sprite.svg HTTP/1.1" 404 1801
WARNING 2023-11-09 14:02:56,309 basehttp 5402 140695698404928 "GET /static/svg/sprite.svg HTTP/1.1" 404 1801
INFO 2023-11-09 14:03:03,461 basehttp 5402 140695690012224 "POST /idp/login/?next=/admin_access/ HTTP/1.1" 302 0
INFO 2023-11-09 14:03:03,480 basehttp 5402 140695690012224 "GET /mfa/auth/TOTP/ HTTP/1.1" 200 4336
INFO 2023-11-09 14:10:08,006 basehttp 5402 140695690012224 "GET /idp/login/?next=/admin_access/ HTTP/1.1" 200 5401
WARNING 2023-11-09 14:10:08,084 basehttp 5402 140695468762688 "GET /static/svg/sprite.svg HTTP/1.1" 404 1801
INFO 2023-11-09 14:10:10,308 basehttp 5402 140695690012224 "GET /admin_access/logout/ HTTP/1.1" 302 0
INFO 2023-11-09 14:10:10,317 basehttp 5402 140695690012224 "GET /admin_access/ HTTP/1.1" 302 0
INFO 2023-11-09 14:10:10,374 basehttp 5402 140695690012224 "GET /admin_access/login/?next=/admin_access/ HTTP/1.1" 302 0
INFO 2023-11-09 14:10:10,437 basehttp 5402 140695690012224 "GET /idp/login/?next=/admin_access/ HTTP/1.1" 200 5401
WARNING 2023-11-09 14:10:10,542 basehttp 5402 140695690012224 "GET /static/svg/sprite.svg HTTP/1.1" 404 1801
INFO 2023-11-09 14:10:11,522 basehttp 5402 140695690012224 "GET /admin_access/ HTTP/1.1" 302 0
INFO 2023-11-09 14:10:11,547 basehttp 5402 140695690012224 "GET /idp/login/?next=/admin_access/ HTTP/1.1" 200 5401
WARNING 2023-11-09 14:10:11,650 basehttp 5402 140695690012224 "GET /static/svg/sprite.svg HTTP/1.1" 404 1801
INFO 2023-11-09 14:10:12,338 basehttp 5402 140695690012224 "GET /idp/login/?next=/idp/login/process/ HTTP/1.1" 200 5401
WARNING 2023-11-09 14:10:12,397 basehttp 5402 140695690012224 "GET /static/svg/sprite.svg HTTP/1.1" 404 1801
INFO 2023-11-09 14:10:12,772 basehttp 5402 140695690012224 "GET /idp/metadata/ HTTP/1.1" 200 6350
INFO 2023-11-09 14:10:13,027 basehttp 5402 140695468762688 "GET /idp/metadata/ HTTP/1.1" 200 6350
INFO 2023-11-09 14:10:13,098 basehttp 5402 140695690012224 "POST /idp/sso/post HTTP/1.1" 302 0
INFO 2023-11-09 14:10:13,104 basehttp 5402 140695690012224 "GET /idp/login/process/ HTTP/1.1" 302 0
INFO 2023-11-09 14:10:13,172 basehttp 5402 140695690012224 "GET /idp/login/?next=/idp/login/process/ HTTP/1.1" 200 5401
WARNING 2023-11-09 14:10:13,260 basehttp 5402 140695690012224 "GET /static/svg/sprite.svg HTTP/1.1" 404 1801
WARNING 2023-11-09 14:10:13,285 basehttp 5402 140695690012224 "GET /static/svg/sprite.svg HTTP/1.1" 404 1801
INFO 2023-11-09 14:10:27,344 basehttp 5402 140695690012224 "GET /idp/metadata/ HTTP/1.1" 200 6350
INFO 2023-11-09 14:10:27,556 basehttp 5402 140695468762688 "GET /idp/metadata/ HTTP/1.1" 200 6350
INFO 2023-11-09 14:10:27,640 basehttp 5402 140695690012224 "POST /idp/sso/post HTTP/1.1" 302 0
INFO 2023-11-09 14:10:27,648 basehttp 5402 140695690012224 "GET /idp/login/process/ HTTP/1.1" 302 0
INFO 2023-11-09 14:10:27,710 basehttp 5402 140695690012224 "GET /idp/login/?next=/idp/login/process/ HTTP/1.1" 200 5401
WARNING 2023-11-09 14:10:27,800 basehttp 5402 140695690012224 "GET /static/svg/sprite.svg HTTP/1.1" 404 1801
WARNING 2023-11-09 14:10:27,841 basehttp 5402 140695690012224 "GET /static/svg/sprite.svg HTTP/1.1" 404 1801
INFO 2023-11-09 14:10:42,026 basehttp 5402 140695690012224 "POST /idp/login/?next=/idp/login/process/ HTTP/1.1" 302 0
INFO 2023-11-09 14:10:42,047 basehttp 5402 140695690012224 "GET /mfa/auth/TOTP/ HTTP/1.1" 200 4336
INFO 2023-11-09 14:11:09,324 basehttp 5402 140695690012224 "POST /mfa/auth/TOTP/ HTTP/1.1" 302 0
INFO 2023-11-09 14:11:09,429 basehttp 5402 140695468762688 "GET /idp/metadata/ HTTP/1.1" 200 6350
INFO 2023-11-09 14:11:09,527 basehttp 5402 140695690012224 "GET /idp/login/process/ HTTP/1.1" 302 0
INFO 2023-11-09 14:11:09,591 basehttp 5402 140695690012224 "GET /idp/login/process_user_agreement/ HTTP/1.1" 200 6608
INFO 2023-11-09 14:11:12,397 basehttp 5402 140695690012224 "POST /idp/login/process_user_agreement/ HTTP/1.1" 200 13312
INFO 2023-11-09 14:11:12,514 basehttp 5402 140695468762688 "GET /idp/metadata/ HTTP/1.1" 200 6350
INFO 2023-11-09 14:11:12,705 basehttp 5402 140695468762688 "GET /idp/metadata/ HTTP/1.1" 200 6350
INFO 2023-11-09 14:11:27,061 basehttp 5402 140695468762688 "GET /idp/metadata/ HTTP/1.1" 200 6350
INFO 2023-11-09 14:11:27,255 basehttp 5402 140695468762688 "GET /idp/metadata/ HTTP/1.1" 200 6350
INFO 2023-11-09 14:11:27,348 basehttp 5402 140695690012224 "POST /idp/slo/post HTTP/1.1" 200 6802
INFO 2023-11-09 14:11:27,522 basehttp 5402 140695468762688 "GET /idp/metadata/ HTTP/1.1" 200 6350
INFO 2023-11-09 14:11:28,546 basehttp 5402 140695468762688 "GET /idp/metadata/ HTTP/1.1" 200 6350
INFO 2023-11-09 14:11:28,741 basehttp 5402 140695468762688 "GET /idp/metadata/ HTTP/1.1" 200 6350
INFO 2023-11-09 14:11:28,817 basehttp 5402 140695690012224 "POST /idp/sso/post HTTP/1.1" 302 0
INFO 2023-11-09 14:11:28,824 basehttp 5402 140695690012224 "GET /idp/login/process/ HTTP/1.1" 302 0
INFO 2023-11-09 14:11:28,890 basehttp 5402 140695690012224 "GET /idp/login/?next=/idp/login/process/ HTTP/1.1" 200 5401
WARNING 2023-11-09 14:11:28,970 basehttp 5402 140695690012224 "GET /static/svg/sprite.svg HTTP/1.1" 404 1801
WARNING 2023-11-09 14:11:29,007 basehttp 5402 140695690012224 "GET /static/svg/sprite.svg HTTP/1.1" 404 1801
INFO 2023-11-09 14:11:36,147 basehttp 5402 140695690012224 "POST /idp/login/?next=/idp/login/process/ HTTP/1.1" 302 0
INFO 2023-11-09 14:11:36,165 basehttp 5402 140695690012224 "GET /mfa/auth/TOTP/ HTTP/1.1" 200 4336
INFO 2023-11-09 14:11:44,903 basehttp 5402 140695690012224 "GET /mfa/ HTTP/1.1" 200 4495
INFO 2023-11-10 08:26:31,132 basehttp 5402 140695690012224 "GET /mfa/create/TOTP/ HTTP/1.1" 200 39348
INFO 2023-11-10 08:26:42,955 basehttp 5402 140695690012224 "GET /mfa/auth/TOTP/ HTTP/1.1" 200 4336
INFO 2023-11-10 08:26:43,672 basehttp 5402 140695690012224 "GET /idp/login/?next=/idp/login/process/ HTTP/1.1" 200 5401
WARNING 2023-11-10 08:26:43,739 basehttp 5402 140695690012224 "GET /static/svg/sprite.svg HTTP/1.1" 404 1801
INFO 2023-11-10 08:26:46,136 basehttp 5402 140695690012224 "GET /idp/metadata/ HTTP/1.1" 200 6350
INFO 2023-11-10 08:26:46,348 basehttp 5402 140695468762688 "GET /idp/metadata/ HTTP/1.1" 200 6350
INFO 2023-11-10 08:26:46,424 basehttp 5402 140695690012224 "POST /idp/sso/post HTTP/1.1" 302 0
INFO 2023-11-10 08:26:46,432 basehttp 5402 140695690012224 "GET /idp/login/process/ HTTP/1.1" 302 0
INFO 2023-11-10 08:26:46,501 basehttp 5402 140695690012224 "GET /idp/login/?next=/idp/login/process/ HTTP/1.1" 200 5401
WARNING 2023-11-10 08:26:46,586 basehttp 5402 140695690012224 "GET /static/svg/sprite.svg HTTP/1.1" 404 1801
WARNING 2023-11-10 08:26:46,613 basehttp 5402 140695690012224 "GET /static/svg/sprite.svg HTTP/1.1" 404 1801
INFO 2023-11-10 10:41:56,641 autoreload 5402 140695822970880 /home/wert/DEV/ACSIA/4Sec-idp/xdrplus-iam/django_idp/settingslocal.py changed, reloading.
INFO 2023-11-10 10:41:57,416 autoreload 10887 140509175603200 Watching for file changes with StatReloader
INFO 2023-11-20 09:59:33,964 autoreload 3554 139897316974592 Watching for file changes with StatReloader
INFO 2023-11-20 10:00:27,206 basehttp 3554 139897192052288 "GET /idp/metadata/ HTTP/1.1" 200 6350
INFO 2023-11-20 10:00:27,453 basehttp 3554 139897182611008 "GET /idp/metadata/ HTTP/1.1" 200 6350
INFO 2023-11-20 10:00:27,545 basehttp 3554 139897192052288 "POST /idp/sso/post HTTP/1.1" 302 0
INFO 2023-11-20 10:00:27,555 basehttp 3554 139897192052288 "GET /idp/login/process/ HTTP/1.1" 302 0
INFO 2023-11-20 10:00:27,634 basehttp 3554 139897192052288 "GET /idp/login/?next=/idp/login/process/ HTTP/1.1" 200 5401
INFO 2023-11-20 10:00:27,722 basehttp 3554 139897192052288 "GET /static/css/overrides.css HTTP/1.1" 304 0
INFO 2023-11-20 10:00:27,723 basehttp 3554 139897182611008 "GET /static/css/bootstrap-italia.min.css HTTP/1.1" 304 0
INFO 2023-11-20 10:00:27,725 basehttp 3554 139897173169728 "GET /static/css/unical-style.css HTTP/1.1" 304 0
INFO 2023-11-20 10:00:27,726 basehttp 3554 139897164777024 "GET /static/css/idp_style.css HTTP/1.1" 304 0
INFO 2023-11-20 10:00:27,727 basehttp 3554 139896815613504 "GET /static/js/bootstrap-italia.bundle.min.js HTTP/1.1" 304 0
WARNING 2023-11-20 10:00:27,839 basehttp 3554 139897182611008 "GET /static/svg/sprite.svg HTTP/1.1" 404 1801
WARNING 2023-11-20 10:00:27,867 basehttp 3554 139897173169728 "GET /static/svg/sprite.svg HTTP/1.1" 404 1801
INFO 2023-11-20 10:00:47,411 basehttp 3554 139897192052288 "POST /idp/login/?next=/idp/login/process/ HTTP/1.1" 302 0
INFO 2023-11-20 10:00:47,445 basehttp 3554 139897192052288 "GET /mfa/auth/TOTP/ HTTP/1.1" 200 4336
INFO 2023-11-20 10:01:15,465 basehttp 3554 139897192052288 "POST /mfa/auth/TOTP/ HTTP/1.1" 302 0
INFO 2023-11-20 10:01:15,571 basehttp 3554 139897173169728 "GET /idp/metadata/ HTTP/1.1" 200 6350
INFO 2023-11-20 10:01:15,677 basehttp 3554 139897192052288 "GET /idp/login/process/ HTTP/1.1" 302 0
INFO 2023-11-20 10:01:15,742 basehttp 3554 139897192052288 "GET /idp/login/process_user_agreement/ HTTP/1.1" 200 6608
INFO 2023-11-20 10:01:18,100 basehttp 3554 139897192052288 "POST /idp/login/process_user_agreement/ HTTP/1.1" 200 13312
INFO 2023-11-20 10:01:18,239 basehttp 3554 139897173169728 "GET /idp/metadata/ HTTP/1.1" 200 6350
INFO 2023-11-20 10:01:18,444 basehttp 3554 139897173169728 "GET /idp/metadata/ HTTP/1.1" 200 6350
INFO 2023-11-20 10:01:36,754 basehttp 3554 139897192052288 "GET /mfa/ HTTP/1.1" 302 0
WARNING 2023-11-20 10:01:36,779 log 3554 139897192052288 Forbidden: /idp/login/
WARNING 2023-11-20 10:01:36,779 basehttp 3554 139897192052288 "GET /idp/login/?next=/mfa/ HTTP/1.1" 403 4271
WARNING 2023-11-20 10:01:39,683 log 3554 139897192052288 Forbidden: /idp/login/process_user_agreement/
WARNING 2023-11-20 10:01:39,683 basehttp 3554 139897192052288 "GET /idp/login/process_user_agreement/ HTTP/1.1" 403 4271
INFO 2023-11-20 10:01:41,744 basehttp 3554 139897173169728 "GET /idp/metadata/ HTTP/1.1" 200 6350
INFO 2023-11-20 10:01:42,035 basehttp 3554 139897173169728 "GET /idp/metadata/ HTTP/1.1" 200 6350
INFO 2023-11-20 10:01:42,126 basehttp 3554 139897192052288 "POST /idp/sso/post HTTP/1.1" 302 0
INFO 2023-11-20 10:01:42,134 basehttp 3554 139897192052288 "GET /idp/login/process/ HTTP/1.1" 302 0
INFO 2023-11-20 10:01:42,206 basehttp 3554 139897192052288 "GET /idp/login/?next=/idp/login/process/ HTTP/1.1" 200 5401
WARNING 2023-11-20 10:01:42,305 basehttp 3554 139897164777024 "GET /static/svg/sprite.svg HTTP/1.1" 404 1801
WARNING 2023-11-20 10:01:42,328 basehttp 3554 139896815613504 "GET /static/svg/sprite.svg HTTP/1.1" 404 1801
INFO 2023-11-20 10:01:47,843 basehttp 3554 139896815613504 "GET /idp/metadata/ HTTP/1.1" 200 6350
INFO 2023-11-20 10:01:48,056 basehttp 3554 139896815613504 "GET /idp/metadata/ HTTP/1.1" 200 6350
INFO 2023-11-20 10:01:48,128 basehttp 3554 139897192052288 "POST /idp/sso/post HTTP/1.1" 302 0
INFO 2023-11-20 10:01:48,136 basehttp 3554 139897192052288 "GET /idp/login/process/ HTTP/1.1" 302 0
INFO 2023-11-20 10:01:48,205 basehttp 3554 139897192052288 "GET /idp/login/?next=/idp/login/process/ HTTP/1.1" 200 5401
WARNING 2023-11-20 10:01:48,300 basehttp 3554 139897192052288 "GET /static/svg/sprite.svg HTTP/1.1" 404 1801
WARNING 2023-11-20 10:01:48,332 basehttp 3554 139897192052288 "GET /static/svg/sprite.svg HTTP/1.1" 404 1801
INFO 2023-11-20 10:01:54,716 basehttp 3554 139897192052288 "POST /idp/login/?next=/idp/login/process/ HTTP/1.1" 302 0
INFO 2023-11-20 10:01:54,736 basehttp 3554 139897192052288 "GET /mfa/auth/TOTP/ HTTP/1.1" 200 4336
INFO 2023-11-20 10:02:00,030 basehttp 3554 139897192052288 "GET /mfa/ HTTP/1.1" 200 4495
INFO 2023-11-20 10:02:18,902 basehttp 3554 139897192052288 "GET /mfa/create/recovery/ HTTP/1.1" 200 4763
WARNING 2023-11-20 10:02:29,451 log 3554 139897192052288 Not Found: /mfa/create/totp/
WARNING 2023-11-20 10:02:29,452 basehttp 3554 139897192052288 "GET /mfa/create/totp/ HTTP/1.1" 404 4376
WARNING 2023-11-20 10:02:29,502 log 3554 139896815613504 Not Found: /favicon.ico
INFO 2023-11-20 10:02:34,590 basehttp 3554 139897192052288 "GET /mfa/create/recovery/ HTTP/1.1" 200 4763
INFO 2023-11-20 10:02:37,451 basehttp 3554 139897192052288 "GET /mfa/create/TOTP/ HTTP/1.1" 200 40162
WARNING 2023-11-20 10:04:45,672 log 3554 139897192052288 Not Found: /password/change
WARNING 2023-11-20 10:04:45,672 basehttp 3554 139897192052288 "GET /password/change HTTP/1.1" 404 3845
INFO 2023-11-20 10:04:50,414 basehttp 3554 139897192052288 "GET /password/reset HTTP/1.1" 200 221710
INFO 2023-11-20 10:06:50,595 basehttp 3554 139897192052288 "GET /password/reset HTTP/1.1" 200 186438
INFO 2023-11-20 10:08:50,614 basehttp 3554 139897192052288 "GET /password/reset HTTP/1.1" 200 211738
INFO 2023-11-20 10:10:50,783 basehttp 3554 139897192052288 "GET /password/reset HTTP/1.1" 200 240802
INFO 2023-11-20 10:12:50,785 basehttp 3554 139897192052288 "GET /password/reset HTTP/1.1" 200 234670
INFO 2023-11-20 10:14:50,778 basehttp 3554 139897192052288 "GET /password/reset HTTP/1.1" 200 219518
INFO 2023-11-20 10:16:50,769 basehttp 3554 139897192052288 "GET /password/reset HTTP/1.1" 200 192674
INFO 2023-11-20 10:18:50,784 basehttp 3554 139897192052288 "GET /password/reset HTTP/1.1" 200 216482
INFO 2023-11-20 10:20:50,797 basehttp 3554 139897192052288 "GET /password/reset HTTP/1.1" 200 227510
INFO 2023-11-20 10:22:50,787 basehttp 3554 139897192052288 "GET /password/reset HTTP/1.1" 200 230478
INFO 2023-11-20 10:24:50,779 basehttp 3554 139897192052288 "GET /password/reset HTTP/1.1" 200 191454
INFO 2023-11-20 10:26:50,781 basehttp 3554 139897192052288 "GET /password/reset HTTP/1.1" 200 191474
INFO 2023-11-20 10:28:50,800 basehttp 3554 139897192052288 "GET /password/reset HTTP/1.1" 200 215998
INFO 2023-11-20 10:30:50,817 basehttp 3554 139897192052288 "GET /password/reset HTTP/1.1" 200 229538
INFO 2023-11-20 10:32:50,808 basehttp 3554 139897192052288 "GET /password/reset HTTP/1.1" 200 239330
INFO 2023-11-20 10:34:52,040 basehttp 3554 139897192052288 "GET /password/reset HTTP/1.1" 200 219874
INFO 2023-11-20 10:36:52,034 basehttp 3554 139897192052288 "GET /password/reset HTTP/1.1" 200 196778
INFO 2023-11-20 10:38:52,086 basehttp 3554 139897192052288 "GET /password/reset HTTP/1.1" 200 224362
INFO 2023-11-20 10:40:52,206 basehttp 3554 139897192052288 "GET /password/reset HTTP/1.1" 200 235026
INFO 2023-11-20 10:42:52,114 basehttp 3554 139897192052288 "GET /password/reset HTTP/1.1" 200 227814
INFO 2023-11-20 11:54:52,687 basehttp 3554 139897192052288 "GET /password/reset HTTP/1.1" 200 219234
INFO 2023-11-20 11:56:52,646 basehttp 3554 139897192052288 "GET /password/reset HTTP/1.1" 200 206622
INFO 2023-11-20 11:58:52,685 basehttp 3554 139897192052288 "GET /password/reset HTTP/1.1" 200 215282
INFO 2023-11-20 12:00:52,648 basehttp 3554 139897192052288 "GET /password/reset HTTP/1.1" 200 243882
INFO 2023-11-20 12:02:52,657 basehttp 3554 139897192052288 "GET /password/reset HTTP/1.1" 200 233602
INFO 2023-11-20 12:04:52,661 basehttp 3554 139897192052288 "GET /password/reset HTTP/1.1" 200 234698
INFO 2023-11-20 12:06:52,651 basehttp 3554 139897192052288 "GET /password/reset HTTP/1.1" 200 218214
INFO 2023-11-20 12:08:52,648 basehttp 3554 139897192052288 "GET /password/reset HTTP/1.1" 200 206746
INFO 2023-11-20 12:10:52,639 basehttp 3554 139897192052288 "GET /password/reset HTTP/1.1" 200 199410
INFO 2023-11-20 12:12:52,665 basehttp 3554 139897192052288 "GET /password/reset HTTP/1.1" 200 233902
INFO 2023-11-20 12:14:52,669 basehttp 3554 139897192052288 "GET /password/reset HTTP/1.1" 200 232558
INFO 2023-11-20 12:16:52,666 basehttp 3554 139897192052288 "GET /password/reset HTTP/1.1" 200 236750
INFO 2023-11-20 12:18:52,643 basehttp 3554 139897192052288 "GET /password/reset HTTP/1.1" 200 188994
INFO 2023-11-20 12:20:52,676 basehttp 3554 139897192052288 "GET /password/reset HTTP/1.1" 200 248222
INFO 2023-11-20 12:22:52,669 basehttp 3554 139897192052288 "GET /password/reset HTTP/1.1" 200 238106
INFO 2023-11-20 12:24:52,653 basehttp 3554 139897192052288 "GET /password/reset HTTP/1.1" 200 218822
INFO 2023-11-20 12:26:52,673 basehttp 3554 139897192052288 "GET /password/reset HTTP/1.1" 200 233566
INFO 2023-11-20 12:28:52,683 basehttp 3554 139897192052288 "GET /password/reset HTTP/1.1" 200 249610
INFO 2023-11-20 12:30:52,661 basehttp 3554 139897192052288 "GET /password/reset HTTP/1.1" 200 208894
INFO 2023-11-20 12:32:52,680 basehttp 3554 139897192052288 "GET /password/reset HTTP/1.1" 200 247058
INFO 2023-11-20 12:34:52,673 basehttp 3554 139897192052288 "GET /password/reset HTTP/1.1" 200 219250
INFO 2023-11-20 12:36:52,714 basehttp 3554 139897192052288 "GET /password/reset HTTP/1.1" 200 229818
INFO 2023-11-20 12:38:52,661 basehttp 3554 139897192052288 "GET /password/reset HTTP/1.1" 200 208386
INFO 2023-11-20 12:40:52,692 basehttp 3554 139897192052288 "GET /password/reset HTTP/1.1" 200 246242
INFO 2023-11-20 12:42:52,671 basehttp 3554 139897192052288 "GET /password/reset HTTP/1.1" 200 210658
INFO 2023-11-20 12:44:52,679 basehttp 3554 139897192052288 "GET /password/reset HTTP/1.1" 200 201298
INFO 2023-11-20 12:46:52,688 basehttp 3554 139897192052288 "GET /password/reset HTTP/1.1" 200 224574
INFO 2023-11-20 12:48:53,929 basehttp 3554 139897192052288 "GET /password/reset HTTP/1.1" 200 264466
INFO 2023-11-20 12:50:55,148 basehttp 3554 139897192052288 "GET /password/reset HTTP/1.1" 200 233054
INFO 2023-11-20 12:52:55,131 basehttp 3554 139897192052288 "GET /password/reset HTTP/1.1" 200 223822
INFO 2023-11-20 12:54:55,135 basehttp 3554 139897192052288 "GET /password/reset HTTP/1.1" 200 242394
INFO 2023-11-20 12:56:55,136 basehttp 3554 139897192052288 "GET /password/reset HTTP/1.1" 200 225422
INFO 2023-11-20 12:58:55,125 basehttp 3554 139897192052288 "GET /password/reset HTTP/1.1" 200 217398
INFO 2023-11-20 13:00:55,149 basehttp 3554 139897192052288 "GET /password/reset HTTP/1.1" 200 259870
INFO 2023-11-20 13:02:55,107 basehttp 3554 139897192052288 "GET /password/reset HTTP/1.1" 200 182038
INFO 2023-11-20 13:04:55,171 basehttp 3554 139897192052288 "GET /password/reset HTTP/1.1" 200 226314
INFO 2023-11-20 13:06:55,139 basehttp 3554 139897192052288 "GET /password/reset HTTP/1.1" 200 253814
INFO 2023-11-20 13:08:55,175 basehttp 3554 139897192052288 "GET /password/reset HTTP/1.1" 200 218242
INFO 2023-11-20 13:10:57,522 basehttp 3554 139897192052288 "GET /password/reset HTTP/1.1" 200 230566
INFO 2023-11-20 13:12:57,466 basehttp 3554 139897192052288 "GET /password/reset HTTP/1.1" 200 199994
INFO 2023-11-20 13:14:57,493 basehttp 3554 139897192052288 "GET /password/reset HTTP/1.1" 200 205682
INFO 2023-11-20 13:16:57,498 basehttp 3554 139897192052288 "GET /password/reset HTTP/1.1" 200 192498
INFO 2023-11-20 13:18:57,491 basehttp 3554 139897192052288 "GET /password/reset HTTP/1.1" 200 218526
INFO 2023-11-20 13:22:24,781 basehttp 3554 139897192052288 "GET /password/reset HTTP/1.1" 200 222086
INFO 2023-11-20 13:24:24,777 basehttp 3554 139897192052288 "GET /password/reset HTTP/1.1" 200 222006
INFO 2023-11-20 13:26:24,803 basehttp 3554 139897192052288 "GET /password/reset HTTP/1.1" 200 258746
INFO 2023-11-21 13:43:52,481 autoreload 4591 139753778151424 Watching for file changes with StatReloader
INFO 2023-11-21 13:44:10,303 basehttp 4591 139753585374784 "GET /idp/metadata/ HTTP/1.1" 200 6350
INFO 2023-11-21 13:44:10,534 basehttp 4591 139753575933504 "GET /idp/metadata/ HTTP/1.1" 200 6350
INFO 2023-11-21 13:44:10,616 basehttp 4591 139753585374784 "POST /idp/sso/post HTTP/1.1" 302 0
INFO 2023-11-21 13:44:10,626 basehttp 4591 139753585374784 "GET /idp/login/process/ HTTP/1.1" 302 0
INFO 2023-11-21 13:44:10,713 basehttp 4591 139753585374784 "GET /idp/login/?next=/idp/login/process/ HTTP/1.1" 200 5401
WARNING 2023-11-21 13:44:10,921 basehttp 4591 139753585374784 "GET /static/svg/sprite.svg HTTP/1.1" 404 1801
WARNING 2023-11-21 13:44:10,968 basehttp 4591 139753585374784 "GET /static/svg/sprite.svg HTTP/1.1" 404 1801
INFO 2023-11-21 13:44:18,750 basehttp 4591 139753585374784 "POST /idp/login/?next=/idp/login/process/ HTTP/1.1" 302 0
INFO 2023-11-21 13:44:18,779 basehttp 4591 139753585374784 "GET /mfa/auth/TOTP/ HTTP/1.1" 200 4336
INFO 2023-11-21 13:44:37,773 basehttp 4591 139753585374784 "POST /mfa/auth/TOTP/ HTTP/1.1" 302 0
INFO 2023-11-21 13:44:37,877 basehttp 4591 139753575933504 "GET /idp/metadata/ HTTP/1.1" 200 6350
INFO 2023-11-21 13:44:37,977 basehttp 4591 139753585374784 "GET /idp/login/process/ HTTP/1.1" 302 0
INFO 2023-11-21 13:44:38,042 basehttp 4591 139753585374784 "GET /idp/login/process_user_agreement/ HTTP/1.1" 200 6608
INFO 2023-11-21 13:44:40,754 basehttp 4591 139753585374784 "POST /idp/login/process_user_agreement/ HTTP/1.1" 200 13312
INFO 2023-11-21 13:44:40,879 basehttp 4591 139753575933504 "GET /idp/metadata/ HTTP/1.1" 200 6350
INFO 2023-11-21 13:44:41,061 basehttp 4591 139753575933504 "GET /idp/metadata/ HTTP/1.1" 200 6350
INFO 2023-11-21 13:44:43,954 basehttp 4591 139753575933504 "GET /idp/metadata/ HTTP/1.1" 200 6350
INFO 2023-11-21 13:44:44,159 basehttp 4591 139753575933504 "GET /idp/metadata/ HTTP/1.1" 200 6350
INFO 2023-11-21 13:44:44,273 basehttp 4591 139753585374784 "POST /idp/slo/post HTTP/1.1" 200 6802
INFO 2023-11-21 13:44:44,447 basehttp 4591 139753575933504 "GET /idp/metadata/ HTTP/1.1" 200 6350
INFO 2023-11-21 13:44:45,556 basehttp 4591 139753575933504 "GET /idp/metadata/ HTTP/1.1" 200 6350
INFO 2023-11-21 13:44:45,760 basehttp 4591 139753575933504 "GET /idp/metadata/ HTTP/1.1" 200 6350
INFO 2023-11-21 13:44:45,842 basehttp 4591 139753585374784 "POST /idp/sso/post HTTP/1.1" 302 0
INFO 2023-11-21 13:44:45,850 basehttp 4591 139753585374784 "GET /idp/login/process/ HTTP/1.1" 302 0
INFO 2023-11-21 13:44:45,915 basehttp 4591 139753585374784 "GET /idp/login/?next=/idp/login/process/ HTTP/1.1" 200 5401
WARNING 2023-11-21 13:44:46,002 basehttp 4591 139753585374784 "GET /static/svg/sprite.svg HTTP/1.1" 404 1801
WARNING 2023-11-21 13:44:46,029 basehttp 4591 139753585374784 "GET /static/svg/sprite.svg HTTP/1.1" 404 1801
INFO 2023-11-21 13:44:55,290 basehttp 4591 139753585374784 "POST /idp/login/?next=/idp/login/process/ HTTP/1.1" 302 0
INFO 2023-11-21 13:44:55,312 basehttp 4591 139753585374784 "GET /mfa/auth/TOTP/ HTTP/1.1" 200 4336
INFO 2023-11-21 13:45:00,777 basehttp 4591 139753585374784 "GET /mfa/ HTTP/1.1" 200 4495
INFO 2023-11-21 13:45:45,395 basehttp 4591 139753585374784 "GET /mfa/auth/TOTP/ HTTP/1.1" 200 4336
INFO 2023-11-21 13:45:47,184 basehttp 4591 139753585374784 "GET /idp/login/?next=/idp/login/process/ HTTP/1.1" 200 5401
WARNING 2023-11-21 13:45:47,244 basehttp 4591 139753585374784 "GET /static/svg/sprite.svg HTTP/1.1" 404 1801
INFO 2023-11-21 13:45:50,264 basehttp 4591 139753585374784 "GET /admin_access/ HTTP/1.1" 200 11827
INFO 2023-11-21 13:45:50,301 basehttp 4591 139753585374784 "GET /static/admin/css/nav_sidebar.css HTTP/1.1" 200 2271
INFO 2023-11-21 13:45:50,302 basehttp 4591 139753564395072 "GET /static/admin/js/nav_sidebar.js HTTP/1.1" 200 1360
INFO 2023-11-21 13:45:50,304 basehttp 4591 139753575933504 "GET /static/admin/css/base.css HTTP/1.1" 200 19513
INFO 2023-11-21 13:45:50,304 basehttp 4591 139753556002368 "GET /static/admin/css/dashboard.css HTTP/1.1" 200 380
INFO 2023-11-21 13:45:50,304 basehttp 4591 139753547609664 "GET /static/admin/css/responsive.css HTTP/1.1" 200 18545
INFO 2023-11-21 13:45:50,308 basehttp 4591 139753575933504 "GET /static/admin/css/fonts.css HTTP/1.1" 200 423
INFO 2023-11-21 13:45:50,366 basehttp 4591 139753575933504 "GET /static/admin/img/icon-addlink.svg HTTP/1.1" 200 331
INFO 2023-11-21 13:45:50,366 basehttp 4591 139753564395072 "GET /static/admin/img/icon-deletelink.svg HTTP/1.1" 200 392
INFO 2023-11-21 13:45:50,369 basehttp 4591 139753547609664 "GET /static/admin/img/icon-changelink.svg HTTP/1.1" 200 380
INFO 2023-11-21 13:45:50,370 basehttp 4591 139753556002368 "GET /static/admin/fonts/Roboto-Regular-webfont.woff HTTP/1.1" 200 85876
INFO 2023-11-21 13:45:50,370 basehttp 4591 139753585374784 "GET /static/admin/fonts/Roboto-Light-webfont.woff HTTP/1.1" 200 85692
INFO 2023-11-21 13:45:50,371 basehttp 4591 139753202644544 "GET /static/admin/fonts/Roboto-Bold-webfont.woff HTTP/1.1" 200 86184
INFO 2023-11-21 13:45:52,481 basehttp 4591 139753202644544 "GET /admin_access/logout/ HTTP/1.1" 200 1586
INFO 2023-11-21 13:45:54,139 basehttp 4591 139753202644544 "GET /admin_access/ HTTP/1.1" 302 0
INFO 2023-11-21 13:45:54,145 basehttp 4591 139753202644544 "GET /admin_access/login/?next=/admin_access/ HTTP/1.1" 302 0
INFO 2023-11-21 13:45:54,209 basehttp 4591 139753202644544 "GET /idp/login/?next=/admin_access/ HTTP/1.1" 200 5401
WARNING 2023-11-21 13:45:54,295 basehttp 4591 139753202644544 "GET /static/svg/sprite.svg HTTP/1.1" 404 1801
WARNING 2023-11-21 13:45:54,334 basehttp 4591 139753556002368 "GET /static/svg/sprite.svg HTTP/1.1" 404 1801
INFO 2023-11-21 13:46:09,004 basehttp 4591 139753585374784 "POST /idp/login/?next=/admin_access/ HTTP/1.1" 302 0
INFO 2023-11-21 13:46:09,022 basehttp 4591 139753585374784 "GET /mfa/auth/TOTP/ HTTP/1.1" 200 4336
